2023-05-30 08:02:30,408 - INFO     - Barcoding analysis initiated
2023-05-30 08:02:30,409 - INFO     - Found folder:				/home/anny/project/main_run/case_data
2023-05-30 08:02:30,409 - INFO     - Found .fasta file:				/home/anny/project/main_run/case_data/11108406069-1.fasta
2023-05-30 08:02:30,409 - INFO     - Found .mao file:				/home/anny/project/main_run/case_data/infer_NJ_nucleotide.mao
2023-05-30 08:02:30,409 - INFO     - Creating output directory:			/home/anny/project/main_run/barcoding_output_30-05-2023_08-02-30
2023-05-30 08:02:30,409 - INFO     - Preparing working folder for 2 inputs
2023-05-30 08:02:30,419 - INFO     - Starting reverse complementing:		11108406069-1.fasta
2023-05-30 08:02:30,423 - INFO     - Successfully reverse complemented to:	rev_comp_11108406069-1.fasta
2023-05-30 08:02:30,423 - INFO     - Settings barcoding analysis:

Input folder:				case_data/
Input fasta:				rev_comp_11108406069-1.fasta
Input mao:				infer_NJ_nucleotide.mao
Output directory:			/home/anny/project/main_run/barcoding_output_30-05-2023_08-02-30
Genbank nucleotide accession no.:	NC_009065,	NC_024842
Genbank protein accession no.:		YP_001054869
Threads:				20
Reverse complement fasta:		True
Keep all files:				True

2023-05-30 08:02:30,423 - INFO     - Obtaining genbank entries:			NC_009065,	YP_001054869,	NC_024842
2023-05-30 08:02:33,718 - INFO     - Successfully obtained Genbank entries:	NC_009065,	YP_001054869,	NC_024842
2023-05-30 08:02:33,720 - INFO     - Creating chromatogram for ocellaris
2023-05-30 08:02:33,720 - INFO     - Creating chromatogram for darwin
2023-05-30 08:03:10,036 - INFO     - Successfully produced chromatogram for ocellaris
2023-05-30 08:06:14,598 - INFO     - Successfully produced chromatogram for darwin
2023-05-30 08:06:14,598 - INFO     - Creating blast databases
2023-05-30 08:06:14,774 - INFO     - Successfully created databases
2023-05-30 08:06:14,774 - INFO     - Starting BLASTn and BLASTx analysis
2023-05-30 08:06:14,884 - INFO     - Successfully completed BLASTn and BLASTx analysis
2023-05-30 08:06:14,885 - INFO     - Starting alignment with muscle
2023-05-30 10:19:35,667 - INFO     - Starting collection of additional muscle alignment data
2023-05-30 10:19:37,440 - INFO     - Starting extraction of maximum confidence alignment
2023-05-30 10:19:38,201 - INFO     - Opening Jalview for manual trimming
2023-05-30 10:58:17,090 - INFO     - Starting phylogenetic analysis with MEGA X
2023-05-30 10:58:17,606 - INFO     - Successfully performed phylogenetic analysis
2023-05-30 10:58:17,607 - INFO     - Moving working directory to output
2023-05-30 10:58:17,607 - INFO     - Successfully completed barcoding analysis
				     Analysis completed after: 02:55:47



